# JRE version: OpenJDK Runtime Environment (17.0.6) (build 17.0.6+0-b2043.56-9586694)
# Java VM: OpenJDK 64-Bit Server VM (17.0.6+0-b2043.56-9586694, mixed mode, tiered, compressed oops, compressed class ptrs, g1 gc, windows-amd64)
GC Precious Log:
 CPUs: 4 total, 4 available
 Memory: 12169M
 Large Page Support: Disabled
 NUMA Support: Disabled
 Compressed Oops: Enabled (32-bit)
 Heap Region Size: 1M
 Heap Min Capacity: 8M
 Heap Initial Capacity: 192M
 Heap Max Capacity: 2G
 Pre-touch: Disabled
 Parallel Workers: 4
 Concurrent Workers: 1
 Concurrent Refinement Workers: 4
 Periodic GC: Disabled
Heap:
 garbage-first heap   total 224256K, used 139860K [0x0000000080000000, 0x0000000100000000)
  region size 1024K, 9 young (9216K), 3 survivors (3072K)
 Metaspace       used 83067K, committed 83712K, reserved 1122304K
  class space    used 11049K, committed 11328K, reserved 1048576K
GC Heap History (20 events):
Event: 25.198 GC heap before
{Heap before GC invocations=33 (full 0):
 garbage-first heap   total 174080K, used 141646K [0x0000000080000000, 0x0000000100000000)
  region size 1024K, 38 young (38912K), 1 survivors (1024K)
 Metaspace       used 59497K, committed 60032K, reserved 1105920K
  class space    used 7991K, committed 8192K, reserved 1048576K
}
Event: 25.209 GC heap after
{Heap after GC invocations=34 (full 0):
 garbage-first heap   total 174080K, used 107381K [0x0000000080000000, 0x0000000100000000)
  region size 1024K, 5 young (5120K), 5 survivors (5120K)
 Metaspace       used 59497K, committed 60032K, reserved 1105920K
  class space    used 7991K, committed 8192K, reserved 1048576K
}
Event: 35.143 GC heap before
{Heap before GC invocations=34 (full 0):
 garbage-first heap   total 174080K, used 143221K [0x0000000080000000, 0x0000000100000000)
  region size 1024K, 41 young (41984K), 5 survivors (5120K)
 Metaspace       used 66605K, committed 67136K, reserved 1114112K
  class space    used 8864K, committed 9088K, reserved 1048576K
}
Event: 35.157 GC heap after
{Heap after GC invocations=35 (full 0):
 garbage-first heap   total 174080K, used 111264K [0x0000000080000000, 0x0000000100000000)
  region size 1024K, 5 young (5120K), 5 survivors (5120K)
 Metaspace       used 66605K, committed 67136K, reserved 1114112K
  class space    used 8864K, committed 9088K, reserved 1048576K
}
Event: 37.399 GC heap before
{Heap before GC invocations=36 (full 0):
 garbage-first heap   total 189440K, used 130720K [0x0000000080000000, 0x0000000100000000)
  region size 1024K, 26 young (26624K), 5 survivors (5120K)
 Metaspace       used 66851K, committed 67392K, reserved 1114112K
  class space    used 8879K, committed 9088K, reserved 1048576K
}
Event: 37.409 GC heap after
{Heap after GC invocations=37 (full 0):
 garbage-first heap   total 189440K, used 112359K [0x0000000080000000, 0x0000000100000000)
  region size 1024K, 2 young (2048K), 2 survivors (2048K)
 Metaspace       used 66851K, committed 67392K, reserved 1114112K
  class space    used 8879K, committed 9088K, reserved 1048576K
}
Event: 38.192 GC heap before
{Heap before GC invocations=38 (full 0):
 garbage-first heap   total 196608K, used 115431K [0x0000000080000000, 0x0000000100000000)
  region size 1024K, 4 young (4096K), 2 survivors (2048K)
 Metaspace       used 66916K, committed 67520K, reserved 1114112K
  class space    used 8889K, committed 9152K, reserved 1048576K
}
Event: 38.196 GC heap after
{Heap after GC invocations=39 (full 0):
 garbage-first heap   total 196608K, used 116668K [0x0000000080000000, 0x0000000100000000)
  region size 1024K, 3 young (3072K), 3 survivors (3072K)
 Metaspace       used 66916K, committed 67520K, reserved 1114112K
  class space    used 8889K, committed 9152K, reserved 1048576K
}
Event: 50.870 GC heap before
{Heap before GC invocations=40 (full 0):
 garbage-first heap   total 199680K, used 153532K [0x0000000080000000, 0x0000000100000000)
  region size 1024K, 34 young (34816K), 3 survivors (3072K)
 Metaspace       used 70198K, committed 70784K, reserved 1114112K
  class space    used 9337K, committed 9600K, reserved 1048576K
}
Event: 50.876 GC heap after
{Heap after GC invocations=41 (full 0):
 garbage-first heap   total 199680K, used 127953K [0x0000000080000000, 0x0000000100000000)
  region size 1024K, 5 young (5120K), 5 survivors (5120K)
 Metaspace       used 70198K, committed 70784K, reserved 1114112K
  class space    used 9337K, committed 9600K, reserved 1048576K
}
Event: 51.287 GC heap before
{Heap before GC invocations=41 (full 0):
 garbage-first heap   total 199680K, used 132049K [0x0000000080000000, 0x0000000100000000)
  region size 1024K, 9 young (9216K), 5 survivors (5120K)
 Metaspace       used 70781K, committed 71296K, reserved 1114112K
  class space    used 9423K, committed 9664K, reserved 1048576K
}
Event: 51.293 GC heap after
{Heap after GC invocations=42 (full 0):
 garbage-first heap   total 199680K, used 127690K [0x0000000080000000, 0x0000000100000000)
  region size 1024K, 1 young (1024K), 1 survivors (1024K)
 Metaspace       used 70781K, committed 71296K, reserved 1114112K
  class space    used 9423K, committed 9664K, reserved 1048576K
}
Event: 53.089 GC heap before
{Heap before GC invocations=42 (full 0):
 garbage-first heap   total 199680K, used 156362K [0x0000000080000000, 0x0000000100000000)
  region size 1024K, 29 young (29696K), 1 survivors (1024K)
 Metaspace       used 75742K, committed 76352K, reserved 1122304K
  class space    used 10085K, committed 10368K, reserved 1048576K
}
Event: 53.093 GC heap after
{Heap after GC invocations=43 (full 0):
 garbage-first heap   total 199680K, used 128846K [0x0000000080000000, 0x0000000100000000)
  region size 1024K, 2 young (2048K), 2 survivors (2048K)
 Metaspace       used 75742K, committed 76352K, reserved 1122304K
  class space    used 10085K, committed 10368K, reserved 1048576K
}
Event: 54.345 GC heap before
{Heap before GC invocations=44 (full 0):
 garbage-first heap   total 224256K, used 163662K [0x0000000080000000, 0x0000000100000000)
  region size 1024K, 30 young (30720K), 2 survivors (2048K)
 Metaspace       used 77562K, committed 78144K, reserved 1122304K
  class space    used 10325K, committed 10624K, reserved 1048576K
}
Event: 54.358 GC heap after
{Heap after GC invocations=45 (full 0):
 garbage-first heap   total 224256K, used 132096K [0x0000000080000000, 0x0000000100000000)
  region size 1024K, 4 young (4096K), 4 survivors (4096K)
 Metaspace       used 77562K, committed 78144K, reserved 1122304K
  class space    used 10325K, committed 10624K, reserved 1048576K
}
Event: 54.565 GC heap before
{Heap before GC invocations=45 (full 0):
 garbage-first heap   total 224256K, used 138240K [0x0000000080000000, 0x0000000100000000)
  region size 1024K, 10 young (10240K), 4 survivors (4096K)
 Metaspace       used 78125K, committed 78720K, reserved 1122304K
  class space    used 10400K, committed 10688K, reserved 1048576K
}
Event: 54.576 GC heap after
{Heap after GC invocations=46 (full 0):
 garbage-first heap   total 224256K, used 132566K [0x0000000080000000, 0x0000000100000000)
  region size 1024K, 1 young (1024K), 1 survivors (1024K)
 Metaspace       used 78125K, committed 78720K, reserved 1122304K
  class space    used 10400K, committed 10688K, reserved 1048576K
}
Event: 57.282 GC heap before
{Heap before GC invocations=46 (full 0):
 garbage-first heap   total 224256K, used 175574K [0x0000000080000000, 0x0000000100000000)
  region size 1024K, 43 young (44032K), 1 survivors (1024K)
 Metaspace       used 82336K, committed 83008K, reserved 1122304K
  class space    used 10944K, committed 11264K, reserved 1048576K
}
Event: 57.291 GC heap after
{Heap after GC invocations=47 (full 0):
 garbage-first heap   total 224256K, used 134740K [0x0000000080000000, 0x0000000100000000)
  region size 1024K, 3 young (3072K), 3 survivors (3072K)
 Metaspace       used 82336K, committed 83008K, reserved 1122304K
  class space    used 10944K, committed 11264K, reserved 1048576K
}

